<?xml version="1.0" encoding="UTF-8"?>
<testng-results ignored="0" total="1" passed="0" failed="0" skipped="1">
  <reporter-output>
  </reporter-output>
  <suite started-at="2021-11-29T01:55:28 IST" name="Default suite" finished-at="2021-11-29T01:55:32 IST" duration-ms="3596">
    <groups>
    </groups>
    <test started-at="2021-11-29T01:55:28 IST" name="Default test" finished-at="2021-11-29T01:55:32 IST" duration-ms="3596">
      <class name="sportalook.OrderCase1$OrdrCase1">
        <test-method is-config="true" signature="setup()[pri:0, instance:sportalook.OrderCase1$OrdrCase1@5d7148e2]" started-at="2021-11-29T01:55:28 IST" name="setup" finished-at="2021-11-29T01:55:31 IST" duration-ms="3480" status="FAIL">
          <exception class="org.openqa.selenium.SessionNotCreatedException">
            <message>
              <![CDATA[session not created: This version of ChromeDriver only supports Chrome version 92
Current browser version is 96.0.4664.45 with binary path C:\Program Files (x86)\Google\Chrome\Application\chrome.exe
Build info: version: '4.0.0-alpha-3', revision: '8c567de6dc'
System info: host: 'DESKTOP-DHHTJIT', ip: '192.168.0.6', os.name: 'Windows 10', os.arch: 'amd64', os.version: '10.0', java.version: '11.0.12'
Driver info: driver.version: ChromeDriver
remote stacktrace: Backtrace:
Ordinal0 [0x009F5843+2512963]
Ordinal0 [0x0098EED1+2092753]
Ordinal0 [0x00891F48+1056584]
Ordinal0 [0x008B01AA+1180074]
Ordinal0 [0x008AC0C5+1163461]
Ordinal0 [0x008A990F+1153295]
Ordinal0 [0x008D994F+1349967]
Ordinal0 [0x008D95BA+1349050]
Ordinal0 [0x008D54BB+1332411]
Ordinal0 [0x008B1D14+1187092]
Ordinal0 [0x008B2B79+1190777]
GetHandleVerifier [0x00B70C56+1501718]
GetHandleVerifier [0x00C1E97F+2213695]
GetHandleVerifier [0x00A78C92+485970]
GetHandleVerifier [0x00A77D59+482073]
Ordinal0 [0x0099471D+2115357]
Ordinal0 [0x00998678+2131576]
Ordinal0 [0x009987B2+2131890]
Ordinal0 [0x009A1971+2169201]
BaseThreadInitThunk [0x766BFA29+25]
RtlGetAppContainerNamedObjectPath [0x773E7A9E+286]
RtlGetAppContainerNamedObjectPath [0x773E7A6E+238]
]]>
            </message>
            <full-stacktrace>
              <![CDATA[org.openqa.selenium.SessionNotCreatedException: session not created: This version of ChromeDriver only supports Chrome version 92
Current browser version is 96.0.4664.45 with binary path C:\Program Files (x86)\Google\Chrome\Application\chrome.exe
Build info: version: '4.0.0-alpha-3', revision: '8c567de6dc'
System info: host: 'DESKTOP-DHHTJIT', ip: '192.168.0.6', os.name: 'Windows 10', os.arch: 'amd64', os.version: '10.0', java.version: '11.0.12'
Driver info: driver.version: ChromeDriver
remote stacktrace: Backtrace:
Ordinal0 [0x009F5843+2512963]
Ordinal0 [0x0098EED1+2092753]
Ordinal0 [0x00891F48+1056584]
Ordinal0 [0x008B01AA+1180074]
Ordinal0 [0x008AC0C5+1163461]
Ordinal0 [0x008A990F+1153295]
Ordinal0 [0x008D994F+1349967]
Ordinal0 [0x008D95BA+1349050]
Ordinal0 [0x008D54BB+1332411]
Ordinal0 [0x008B1D14+1187092]
Ordinal0 [0x008B2B79+1190777]
GetHandleVerifier [0x00B70C56+1501718]
GetHandleVerifier [0x00C1E97F+2213695]
GetHandleVerifier [0x00A78C92+485970]
GetHandleVerifier [0x00A77D59+482073]
Ordinal0 [0x0099471D+2115357]
Ordinal0 [0x00998678+2131576]
Ordinal0 [0x009987B2+2131890]
Ordinal0 [0x009A1971+2169201]
BaseThreadInitThunk [0x766BFA29+25]
RtlGetAppContainerNamedObjectPath [0x773E7A9E+286]
RtlGetAppContainerNamedObjectPath [0x773E7A6E+238]

at java.base/jdk.internal.reflect.NativeConstructorAccessorImpl.newInstance0(Native Method)
at java.base/jdk.internal.reflect.NativeConstructorAccessorImpl.newInstance(NativeConstructorAccessorImpl.java:62)
at java.base/jdk.internal.reflect.DelegatingConstructorAccessorImpl.newInstance(DelegatingConstructorAccessorImpl.java:45)
at java.base/java.lang.reflect.Constructor.newInstance(Constructor.java:490)
at org.openqa.selenium.remote.W3CHandshakeResponse.lambda$errorHandler$0(W3CHandshakeResponse.java:62)
at org.openqa.selenium.remote.HandshakeResponse.lambda$getResponseFunction$0(HandshakeResponse.java:30)
at org.openqa.selenium.remote.ProtocolHandshake.lambda$createSession$1(ProtocolHandshake.java:127)
at java.base/java.util.stream.ReferencePipeline$3$1.accept(ReferencePipeline.java:195)
at java.base/java.util.Spliterators$ArraySpliterator.tryAdvance(Spliterators.java:958)
at java.base/java.util.stream.ReferencePipeline.forEachWithCancel(ReferencePipeline.java:127)
at java.base/java.util.stream.AbstractPipeline.copyIntoWithCancel(AbstractPipeline.java:502)
at java.base/java.util.stream.AbstractPipeline.copyInto(AbstractPipeline.java:488)
at java.base/java.util.stream.AbstractPipeline.wrapAndCopyInto(AbstractPipeline.java:474)
at java.base/java.util.stream.FindOps$FindOp.evaluateSequential(FindOps.java:150)
at java.base/java.util.stream.AbstractPipeline.evaluate(AbstractPipeline.java:234)
at java.base/java.util.stream.ReferencePipeline.findFirst(ReferencePipeline.java:543)
at org.openqa.selenium.remote.ProtocolHandshake.createSession(ProtocolHandshake.java:129)
at org.openqa.selenium.remote.ProtocolHandshake.createSession(ProtocolHandshake.java:75)
at org.openqa.selenium.remote.HttpCommandExecutor.execute(HttpCommandExecutor.java:139)
at org.openqa.selenium.remote.service.DriverCommandExecutor.execute(DriverCommandExecutor.java:83)
at org.openqa.selenium.remote.RemoteWebDriver.execute(RemoteWebDriver.java:576)
at org.openqa.selenium.remote.RemoteWebDriver.startSession(RemoteWebDriver.java:210)
at org.openqa.selenium.remote.RemoteWebDriver.<init>(RemoteWebDriver.java:130)
at org.openqa.selenium.chromium.ChromiumDriver.<init>(ChromiumDriver.java:75)
at org.openqa.selenium.chrome.ChromeDriver.<init>(ChromeDriver.java:163)
at org.openqa.selenium.chrome.ChromeDriver.<init>(ChromeDriver.java:150)
at org.openqa.selenium.chrome.ChromeDriver.<init>(ChromeDriver.java:105)
at sportalook.OrderCase1$OrdrCase1.setup(OrderCase1.java:39)
at java.base/jdk.internal.reflect.NativeMethodAccessorImpl.invoke0(Native Method)
at java.base/jdk.internal.reflect.NativeMethodAccessorImpl.invoke(NativeMethodAccessorImpl.java:62)
at java.base/jdk.internal.reflect.DelegatingMethodAccessorImpl.invoke(DelegatingMethodAccessorImpl.java:43)
at java.base/java.lang.reflect.Method.invoke(Method.java:566)
at org.testng.internal.MethodInvocationHelper.invokeMethod(MethodInvocationHelper.java:133)
at org.testng.internal.MethodInvocationHelper.invokeMethodConsideringTimeout(MethodInvocationHelper.java:62)
at org.testng.internal.ConfigInvoker.invokeConfigurationMethod(ConfigInvoker.java:385)
at org.testng.internal.ConfigInvoker.invokeConfigurations(ConfigInvoker.java:321)
at org.testng.TestRunner.invokeTestConfigurations(TestRunner.java:637)
at org.testng.TestRunner.beforeRun(TestRunner.java:627)
at org.testng.TestRunner.run(TestRunner.java:589)
at org.testng.SuiteRunner.runTest(SuiteRunner.java:377)
at org.testng.SuiteRunner.runSequentially(SuiteRunner.java:371)
at org.testng.SuiteRunner.privateRun(SuiteRunner.java:332)
at org.testng.SuiteRunner.run(SuiteRunner.java:276)
at org.testng.SuiteRunnerWorker.runSuite(SuiteRunnerWorker.java:53)
at org.testng.SuiteRunnerWorker.run(SuiteRunnerWorker.java:96)
at org.testng.TestNG.runSuitesSequentially(TestNG.java:1212)
at org.testng.TestNG.runSuitesLocally(TestNG.java:1134)
at org.testng.TestNG.runSuites(TestNG.java:1063)
at org.testng.TestNG.run(TestNG.java:1031)
at org.testng.remote.AbstractRemoteTestNG.run(AbstractRemoteTestNG.java:115)
at org.testng.remote.RemoteTestNG.initAndRun(RemoteTestNG.java:251)
at org.testng.remote.RemoteTestNG.main(RemoteTestNG.java:77)
]]>
            </full-stacktrace>
          </exception> <!-- org.openqa.selenium.SessionNotCreatedException -->
          <reporter-output>
          </reporter-output>
        </test-method> <!-- setup -->
        <test-method signature="Orderplaced()[pri:1, instance:sportalook.OrderCase1$OrdrCase1@5d7148e2]" started-at="2021-11-29T01:55:32 IST" name="Orderplaced" finished-at="2021-11-29T01:55:32 IST" duration-ms="0" status="SKIP">
          <exception class="org.openqa.selenium.SessionNotCreatedException">
            <message>
              <![CDATA[session not created: This version of ChromeDriver only supports Chrome version 92
Current browser version is 96.0.4664.45 with binary path C:\Program Files (x86)\Google\Chrome\Application\chrome.exe
Build info: version: '4.0.0-alpha-3', revision: '8c567de6dc'
System info: host: 'DESKTOP-DHHTJIT', ip: '192.168.0.6', os.name: 'Windows 10', os.arch: 'amd64', os.version: '10.0', java.version: '11.0.12'
Driver info: driver.version: ChromeDriver
remote stacktrace: Backtrace:
Ordinal0 [0x009F5843+2512963]
Ordinal0 [0x0098EED1+2092753]
Ordinal0 [0x00891F48+1056584]
Ordinal0 [0x008B01AA+1180074]
Ordinal0 [0x008AC0C5+1163461]
Ordinal0 [0x008A990F+1153295]
Ordinal0 [0x008D994F+1349967]
Ordinal0 [0x008D95BA+1349050]
Ordinal0 [0x008D54BB+1332411]
Ordinal0 [0x008B1D14+1187092]
Ordinal0 [0x008B2B79+1190777]
GetHandleVerifier [0x00B70C56+1501718]
GetHandleVerifier [0x00C1E97F+2213695]
GetHandleVerifier [0x00A78C92+485970]
GetHandleVerifier [0x00A77D59+482073]
Ordinal0 [0x0099471D+2115357]
Ordinal0 [0x00998678+2131576]
Ordinal0 [0x009987B2+2131890]
Ordinal0 [0x009A1971+2169201]
BaseThreadInitThunk [0x766BFA29+25]
RtlGetAppContainerNamedObjectPath [0x773E7A9E+286]
RtlGetAppContainerNamedObjectPath [0x773E7A6E+238]
]]>
            </message>
            <full-stacktrace>
              <![CDATA[org.openqa.selenium.SessionNotCreatedException: session not created: This version of ChromeDriver only supports Chrome version 92
Current browser version is 96.0.4664.45 with binary path C:\Program Files (x86)\Google\Chrome\Application\chrome.exe
Build info: version: '4.0.0-alpha-3', revision: '8c567de6dc'
System info: host: 'DESKTOP-DHHTJIT', ip: '192.168.0.6', os.name: 'Windows 10', os.arch: 'amd64', os.version: '10.0', java.version: '11.0.12'
Driver info: driver.version: ChromeDriver
remote stacktrace: Backtrace:
Ordinal0 [0x009F5843+2512963]
Ordinal0 [0x0098EED1+2092753]
Ordinal0 [0x00891F48+1056584]
Ordinal0 [0x008B01AA+1180074]
Ordinal0 [0x008AC0C5+1163461]
Ordinal0 [0x008A990F+1153295]
Ordinal0 [0x008D994F+1349967]
Ordinal0 [0x008D95BA+1349050]
Ordinal0 [0x008D54BB+1332411]
Ordinal0 [0x008B1D14+1187092]
Ordinal0 [0x008B2B79+1190777]
GetHandleVerifier [0x00B70C56+1501718]
GetHandleVerifier [0x00C1E97F+2213695]
GetHandleVerifier [0x00A78C92+485970]
GetHandleVerifier [0x00A77D59+482073]
Ordinal0 [0x0099471D+2115357]
Ordinal0 [0x00998678+2131576]
Ordinal0 [0x009987B2+2131890]
Ordinal0 [0x009A1971+2169201]
BaseThreadInitThunk [0x766BFA29+25]
RtlGetAppContainerNamedObjectPath [0x773E7A9E+286]
RtlGetAppContainerNamedObjectPath [0x773E7A6E+238]

at java.base/jdk.internal.reflect.NativeConstructorAccessorImpl.newInstance0(Native Method)
at java.base/jdk.internal.reflect.NativeConstructorAccessorImpl.newInstance(NativeConstructorAccessorImpl.java:62)
at java.base/jdk.internal.reflect.DelegatingConstructorAccessorImpl.newInstance(DelegatingConstructorAccessorImpl.java:45)
at java.base/java.lang.reflect.Constructor.newInstance(Constructor.java:490)
at org.openqa.selenium.remote.W3CHandshakeResponse.lambda$errorHandler$0(W3CHandshakeResponse.java:62)
at org.openqa.selenium.remote.HandshakeResponse.lambda$getResponseFunction$0(HandshakeResponse.java:30)
at org.openqa.selenium.remote.ProtocolHandshake.lambda$createSession$1(ProtocolHandshake.java:127)
at java.base/java.util.stream.ReferencePipeline$3$1.accept(ReferencePipeline.java:195)
at java.base/java.util.Spliterators$ArraySpliterator.tryAdvance(Spliterators.java:958)
at java.base/java.util.stream.ReferencePipeline.forEachWithCancel(ReferencePipeline.java:127)
at java.base/java.util.stream.AbstractPipeline.copyIntoWithCancel(AbstractPipeline.java:502)
at java.base/java.util.stream.AbstractPipeline.copyInto(AbstractPipeline.java:488)
at java.base/java.util.stream.AbstractPipeline.wrapAndCopyInto(AbstractPipeline.java:474)
at java.base/java.util.stream.FindOps$FindOp.evaluateSequential(FindOps.java:150)
at java.base/java.util.stream.AbstractPipeline.evaluate(AbstractPipeline.java:234)
at java.base/java.util.stream.ReferencePipeline.findFirst(ReferencePipeline.java:543)
at org.openqa.selenium.remote.ProtocolHandshake.createSession(ProtocolHandshake.java:129)
at org.openqa.selenium.remote.ProtocolHandshake.createSession(ProtocolHandshake.java:75)
at org.openqa.selenium.remote.HttpCommandExecutor.execute(HttpCommandExecutor.java:139)
at org.openqa.selenium.remote.service.DriverCommandExecutor.execute(DriverCommandExecutor.java:83)
at org.openqa.selenium.remote.RemoteWebDriver.execute(RemoteWebDriver.java:576)
at org.openqa.selenium.remote.RemoteWebDriver.startSession(RemoteWebDriver.java:210)
at org.openqa.selenium.remote.RemoteWebDriver.<init>(RemoteWebDriver.java:130)
at org.openqa.selenium.chromium.ChromiumDriver.<init>(ChromiumDriver.java:75)
at org.openqa.selenium.chrome.ChromeDriver.<init>(ChromeDriver.java:163)
at org.openqa.selenium.chrome.ChromeDriver.<init>(ChromeDriver.java:150)
at org.openqa.selenium.chrome.ChromeDriver.<init>(ChromeDriver.java:105)
at sportalook.OrderCase1$OrdrCase1.setup(OrderCase1.java:39)
at java.base/jdk.internal.reflect.NativeMethodAccessorImpl.invoke0(Native Method)
at java.base/jdk.internal.reflect.NativeMethodAccessorImpl.invoke(NativeMethodAccessorImpl.java:62)
at java.base/jdk.internal.reflect.DelegatingMethodAccessorImpl.invoke(DelegatingMethodAccessorImpl.java:43)
at java.base/java.lang.reflect.Method.invoke(Method.java:566)
at org.testng.internal.MethodInvocationHelper.invokeMethod(MethodInvocationHelper.java:133)
at org.testng.internal.MethodInvocationHelper.invokeMethodConsideringTimeout(MethodInvocationHelper.java:62)
at org.testng.internal.ConfigInvoker.invokeConfigurationMethod(ConfigInvoker.java:385)
at org.testng.internal.ConfigInvoker.invokeConfigurations(ConfigInvoker.java:321)
at org.testng.TestRunner.invokeTestConfigurations(TestRunner.java:637)
at org.testng.TestRunner.beforeRun(TestRunner.java:627)
at org.testng.TestRunner.run(TestRunner.java:589)
at org.testng.SuiteRunner.runTest(SuiteRunner.java:377)
at org.testng.SuiteRunner.runSequentially(SuiteRunner.java:371)
at org.testng.SuiteRunner.privateRun(SuiteRunner.java:332)
at org.testng.SuiteRunner.run(SuiteRunner.java:276)
at org.testng.SuiteRunnerWorker.runSuite(SuiteRunnerWorker.java:53)
at org.testng.SuiteRunnerWorker.run(SuiteRunnerWorker.java:96)
at org.testng.TestNG.runSuitesSequentially(TestNG.java:1212)
at org.testng.TestNG.runSuitesLocally(TestNG.java:1134)
at org.testng.TestNG.runSuites(TestNG.java:1063)
at org.testng.TestNG.run(TestNG.java:1031)
at org.testng.remote.AbstractRemoteTestNG.run(AbstractRemoteTestNG.java:115)
at org.testng.remote.RemoteTestNG.initAndRun(RemoteTestNG.java:251)
at org.testng.remote.RemoteTestNG.main(RemoteTestNG.java:77)
]]>
            </full-stacktrace>
          </exception> <!-- org.openqa.selenium.SessionNotCreatedException -->
          <reporter-output>
          </reporter-output>
        </test-method> <!-- Orderplaced -->
        <test-method is-config="true" signature="tearDown()[pri:0, instance:sportalook.OrderCase1$OrdrCase1@5d7148e2]" started-at="2021-11-29T01:55:32 IST" name="tearDown" finished-at="1970-01-01T05:30:00 IST" duration-ms="-1638131132064" status="SKIP">
          <reporter-output>
          </reporter-output>
        </test-method> <!-- tearDown -->
      </class> <!-- sportalook.OrderCase1$OrdrCase1 -->
    </test> <!-- Default test -->
  </suite> <!-- Default suite -->
</testng-results>
